# Logfile created on 2014-07-21 16:50:59 -0300 by logger.rb/44203
I, [2014-07-21T16:50:59.766920 #47269]  INFO -- : 0:  addressable (2.3.6) from /Users/pablo.aguiar/.rvm/gems/ruby-2.1.0/specifications/addressable-2.3.6.gemspec
I, [2014-07-21T16:50:59.787130 #47269]  INFO -- : 0:  backports (3.6.0) from /Users/pablo.aguiar/.rvm/gems/ruby-2.1.0/specifications/backports-3.6.0.gemspec
I, [2014-07-21T16:51:02.206116 #47269]  INFO -- : 0:  buftok (0.2.0) from /Users/pablo.aguiar/.rvm/gems/ruby-2.1.0/specifications/buftok-0.2.0.gemspec
I, [2014-07-21T16:51:02.206498 #47269]  INFO -- : 0:  coffee-script-source (1.7.1) from /Users/pablo.aguiar/.rvm/gems/ruby-2.1.0/specifications/coffee-script-source-1.7.1.gemspec
I, [2014-07-21T16:51:02.206765 #47269]  INFO -- : 0:  execjs (2.0.2) from /Users/pablo.aguiar/.rvm/gems/ruby-2.1.0/specifications/execjs-2.0.2.gemspec
I, [2014-07-21T16:51:02.207025 #47269]  INFO -- : 0:  coffee-script (2.2.0) from /Users/pablo.aguiar/.rvm/gems/ruby-2.1.0/specifications/coffee-script-2.2.0.gemspec
I, [2014-07-21T16:51:02.207272 #47269]  INFO -- : 0:  daemons (1.1.9) from /Users/pablo.aguiar/.rvm/gems/ruby-2.1.0/specifications/daemons-1.1.9.gemspec
I, [2014-07-21T16:51:02.207525 #47269]  INFO -- : 0:  rack (1.5.2) from /Users/pablo.aguiar/.rvm/gems/ruby-2.1.0/specifications/rack-1.5.2.gemspec
I, [2014-07-21T16:51:02.207780 #47269]  INFO -- : 0:  thread_safe (0.3.4) from /Users/pablo.aguiar/.rvm/gems/ruby-2.1.0/specifications/thread_safe-0.3.4.gemspec
I, [2014-07-21T16:51:02.208061 #47269]  INFO -- : 0:  tzinfo (1.2.1) from /Users/pablo.aguiar/.rvm/gems/ruby-2.1.0/specifications/tzinfo-1.2.1.gemspec
I, [2014-07-21T16:51:02.208315 #47269]  INFO -- : 0:  rufus-scheduler (2.0.24) from /Users/pablo.aguiar/.rvm/gems/ruby-2.1.0/specifications/rufus-scheduler-2.0.24.gemspec
I, [2014-07-21T16:51:02.208575 #47269]  INFO -- : 0:  sass (3.2.19) from /Users/pablo.aguiar/.rvm/gems/ruby-2.1.0/specifications/sass-3.2.19.gemspec
I, [2014-07-21T16:51:02.208824 #47269]  INFO -- : 0:  rack-protection (1.5.3) from /Users/pablo.aguiar/.rvm/gems/ruby-2.1.0/specifications/rack-protection-1.5.3.gemspec
I, [2014-07-21T16:51:02.209168 #47269]  INFO -- : 0:  tilt (1.4.1) from /Users/pablo.aguiar/.rvm/gems/ruby-2.1.0/specifications/tilt-1.4.1.gemspec
I, [2014-07-21T16:51:02.209510 #47269]  INFO -- : 0:  sinatra (1.4.5) from /Users/pablo.aguiar/.rvm/gems/ruby-2.1.0/specifications/sinatra-1.4.5.gemspec
I, [2014-07-21T16:51:04.845420 #47269]  INFO -- : 0:  multi_json (1.10.1) from /Users/pablo.aguiar/.rvm/gems/ruby-2.1.0/specifications/multi_json-1.10.1.gemspec
I, [2014-07-21T16:51:04.845964 #47269]  INFO -- : 0:  rack-test (0.6.2) from /Users/pablo.aguiar/.rvm/gems/ruby-2.1.0/specifications/rack-test-0.6.2.gemspec
I, [2014-07-21T16:51:04.846361 #47269]  INFO -- : 0:  sinatra-contrib (1.4.2) from /Users/pablo.aguiar/.rvm/gems/ruby-2.1.0/specifications/sinatra-contrib-1.4.2.gemspec
I, [2014-07-21T16:51:04.846709 #47269]  INFO -- : 0:  hike (1.2.3) from /Users/pablo.aguiar/.rvm/gems/ruby-2.1.0/specifications/hike-1.2.3.gemspec
I, [2014-07-21T16:51:04.847067 #47269]  INFO -- : 0:  sprockets (2.10.1) from /Users/pablo.aguiar/.rvm/gems/ruby-2.1.0/specifications/sprockets-2.10.1.gemspec
I, [2014-07-21T16:51:04.847424 #47269]  INFO -- : 0:  eventmachine (1.0.3) from /Users/pablo.aguiar/.rvm/gems/ruby-2.1.0/specifications/eventmachine-1.0.3.gemspec
I, [2014-07-21T16:51:04.847756 #47269]  INFO -- : 0:  thin (1.6.2) from /Users/pablo.aguiar/.rvm/gems/ruby-2.1.0/specifications/thin-1.6.2.gemspec
I, [2014-07-21T16:51:04.848096 #47269]  INFO -- : 0:  thor (0.18.1) from /Users/pablo.aguiar/.rvm/gems/ruby-2.1.0/specifications/thor-0.18.1.gemspec
I, [2014-07-21T16:51:04.848527 #47269]  INFO -- : 0:  dashing (1.3.4) from /Users/pablo.aguiar/.rvm/gems/ruby-2.1.0/specifications/dashing-1.3.4.gemspec
I, [2014-07-21T16:51:07.472734 #47269]  INFO -- : 0:  equalizer (0.0.9) from /Users/pablo.aguiar/.rvm/gems/ruby-2.1.0/specifications/equalizer-0.0.9.gemspec
I, [2014-07-21T16:51:10.065931 #47269]  INFO -- : 0:  multipart-post (2.0.0) from /Users/pablo.aguiar/.rvm/gems/ruby-2.1.0/specifications/multipart-post-2.0.0.gemspec
I, [2014-07-21T16:51:12.959003 #47269]  INFO -- : 0:  faraday (0.9.0) from /Users/pablo.aguiar/.rvm/gems/ruby-2.1.0/specifications/faraday-0.9.0.gemspec
I, [2014-07-21T16:51:17.185933 #47269]  INFO -- : 0:  http_parser.rb (0.6.0) from /Users/pablo.aguiar/.rvm/gems/ruby-2.1.0/specifications/http_parser.rb-0.6.0.gemspec
I, [2014-07-21T16:51:20.268877 #47269]  INFO -- : 0:  http (0.6.1) from /Users/pablo.aguiar/.rvm/gems/ruby-2.1.0/specifications/http-0.6.1.gemspec
I, [2014-07-21T16:51:20.269252 #47269]  INFO -- : 0:  json (1.8.1) from /Users/pablo.aguiar/.rvm/rubies/ruby-2.1.0/lib/ruby/gems/2.1.0/specifications/default/json-1.8.1.gemspec
I, [2014-07-21T16:51:22.678632 #47269]  INFO -- : 0:  memoizable (0.4.2) from /Users/pablo.aguiar/.rvm/gems/ruby-2.1.0/specifications/memoizable-0.4.2.gemspec
I, [2014-07-21T16:51:25.220531 #47269]  INFO -- : 0:  naught (1.0.0) from /Users/pablo.aguiar/.rvm/gems/ruby-2.1.0/specifications/naught-1.0.0.gemspec
I, [2014-07-21T16:51:26.930635 #47269]  INFO -- : 0:  simple_oauth (0.2.0) from /Users/pablo.aguiar/.rvm/gems/ruby-2.1.0/specifications/simple_oauth-0.2.0.gemspec
I, [2014-07-21T16:51:32.540373 #47269]  INFO -- : 0:  twitter (5.11.0) from /Users/pablo.aguiar/.rvm/gems/ruby-2.1.0/specifications/twitter-5.11.0.gemspec
I, [2014-07-21T16:51:32.544297 #47269]  INFO -- : 0:  bundler (1.5.1) from /Users/pablo.aguiar/.rvm/gems/ruby-2.1.0@global/specifications/bundler-1.5.1.gemspec
I, [2014-07-21T18:21:25.749242 #93898]  INFO -- : 0:  addressable (2.3.6) from /Users/pablo.aguiar/.rvm/gems/ruby-2.1.0@holmes-dashboard/specifications/addressable-2.3.6.gemspec
I, [2014-07-21T18:21:28.653060 #93898]  INFO -- : 0:  backports (3.6.0) from /Users/pablo.aguiar/.rvm/gems/ruby-2.1.0@holmes-dashboard/specifications/backports-3.6.0.gemspec
I, [2014-07-21T18:21:30.596557 #93898]  INFO -- : 0:  buftok (0.2.0) from /Users/pablo.aguiar/.rvm/gems/ruby-2.1.0@holmes-dashboard/specifications/buftok-0.2.0.gemspec
I, [2014-07-21T18:21:32.900659 #93898]  INFO -- : 0:  coffee-script-source (1.7.1) from /Users/pablo.aguiar/.rvm/gems/ruby-2.1.0@holmes-dashboard/specifications/coffee-script-source-1.7.1.gemspec
I, [2014-07-21T18:21:35.075573 #93898]  INFO -- : 0:  execjs (2.0.2) from /Users/pablo.aguiar/.rvm/gems/ruby-2.1.0@holmes-dashboard/specifications/execjs-2.0.2.gemspec
I, [2014-07-21T18:21:37.673690 #93898]  INFO -- : 0:  coffee-script (2.2.0) from /Users/pablo.aguiar/.rvm/gems/ruby-2.1.0@holmes-dashboard/specifications/coffee-script-2.2.0.gemspec
I, [2014-07-21T18:21:40.175342 #93898]  INFO -- : 0:  daemons (1.1.9) from /Users/pablo.aguiar/.rvm/gems/ruby-2.1.0@holmes-dashboard/specifications/daemons-1.1.9.gemspec
I, [2014-07-21T18:21:44.175889 #93898]  INFO -- : 0:  rack (1.5.2) from /Users/pablo.aguiar/.rvm/gems/ruby-2.1.0@holmes-dashboard/specifications/rack-1.5.2.gemspec
I, [2014-07-21T18:21:46.842383 #93898]  INFO -- : 0:  thread_safe (0.3.4) from /Users/pablo.aguiar/.rvm/gems/ruby-2.1.0@holmes-dashboard/specifications/thread_safe-0.3.4.gemspec
I, [2014-07-21T18:21:49.622634 #93898]  INFO -- : 0:  tzinfo (1.2.1) from /Users/pablo.aguiar/.rvm/gems/ruby-2.1.0@holmes-dashboard/specifications/tzinfo-1.2.1.gemspec
I, [2014-07-21T18:21:51.834317 #93898]  INFO -- : 0:  rufus-scheduler (2.0.24) from /Users/pablo.aguiar/.rvm/gems/ruby-2.1.0@holmes-dashboard/specifications/rufus-scheduler-2.0.24.gemspec
I, [2014-07-21T18:21:55.008489 #93898]  INFO -- : 0:  sass (3.2.19) from /Users/pablo.aguiar/.rvm/gems/ruby-2.1.0@holmes-dashboard/specifications/sass-3.2.19.gemspec
I, [2014-07-21T18:21:57.364474 #93898]  INFO -- : 0:  rack-protection (1.5.3) from /Users/pablo.aguiar/.rvm/gems/ruby-2.1.0@holmes-dashboard/specifications/rack-protection-1.5.3.gemspec
I, [2014-07-21T18:21:59.461778 #93898]  INFO -- : 0:  tilt (1.4.1) from /Users/pablo.aguiar/.rvm/gems/ruby-2.1.0@holmes-dashboard/specifications/tilt-1.4.1.gemspec
I, [2014-07-21T18:22:02.769601 #93898]  INFO -- : 0:  sinatra (1.4.5) from /Users/pablo.aguiar/.rvm/gems/ruby-2.1.0@holmes-dashboard/specifications/sinatra-1.4.5.gemspec
I, [2014-07-21T18:22:05.138409 #93898]  INFO -- : 0:  multi_json (1.10.1) from /Users/pablo.aguiar/.rvm/gems/ruby-2.1.0@holmes-dashboard/specifications/multi_json-1.10.1.gemspec
I, [2014-07-21T18:22:07.039220 #93898]  INFO -- : 0:  rack-test (0.6.2) from /Users/pablo.aguiar/.rvm/gems/ruby-2.1.0@holmes-dashboard/specifications/rack-test-0.6.2.gemspec
I, [2014-07-21T18:22:09.655955 #93898]  INFO -- : 0:  sinatra-contrib (1.4.2) from /Users/pablo.aguiar/.rvm/gems/ruby-2.1.0@holmes-dashboard/specifications/sinatra-contrib-1.4.2.gemspec
I, [2014-07-21T18:22:12.655037 #93898]  INFO -- : 0:  hike (1.2.3) from /Users/pablo.aguiar/.rvm/gems/ruby-2.1.0@holmes-dashboard/specifications/hike-1.2.3.gemspec
I, [2014-07-21T18:22:15.112711 #93898]  INFO -- : 0:  sprockets (2.10.1) from /Users/pablo.aguiar/.rvm/gems/ruby-2.1.0@holmes-dashboard/specifications/sprockets-2.10.1.gemspec
I, [2014-07-21T18:22:29.972120 #93898]  INFO -- : 0:  eventmachine (1.0.3) from /Users/pablo.aguiar/.rvm/gems/ruby-2.1.0@holmes-dashboard/specifications/eventmachine-1.0.3.gemspec
I, [2014-07-21T18:22:33.074474 #93898]  INFO -- : 0:  thin (1.6.2) from /Users/pablo.aguiar/.rvm/gems/ruby-2.1.0@holmes-dashboard/specifications/thin-1.6.2.gemspec
I, [2014-07-21T18:22:35.807551 #93898]  INFO -- : 0:  thor (0.18.1) from /Users/pablo.aguiar/.rvm/gems/ruby-2.1.0@holmes-dashboard/specifications/thor-0.18.1.gemspec
I, [2014-07-21T18:22:39.852590 #93898]  INFO -- : 0:  dashing (1.3.4) from /Users/pablo.aguiar/.rvm/gems/ruby-2.1.0@holmes-dashboard/specifications/dashing-1.3.4.gemspec
I, [2014-07-21T18:22:42.564559 #93898]  INFO -- : 0:  equalizer (0.0.9) from /Users/pablo.aguiar/.rvm/gems/ruby-2.1.0@holmes-dashboard/specifications/equalizer-0.0.9.gemspec
I, [2014-07-21T18:22:45.526311 #93898]  INFO -- : 0:  multipart-post (2.0.0) from /Users/pablo.aguiar/.rvm/gems/ruby-2.1.0@holmes-dashboard/specifications/multipart-post-2.0.0.gemspec
I, [2014-07-21T18:22:48.396888 #93898]  INFO -- : 0:  faraday (0.9.0) from /Users/pablo.aguiar/.rvm/gems/ruby-2.1.0@holmes-dashboard/specifications/faraday-0.9.0.gemspec
I, [2014-07-21T18:22:52.337118 #93898]  INFO -- : 0:  http_parser.rb (0.6.0) from /Users/pablo.aguiar/.rvm/gems/ruby-2.1.0@holmes-dashboard/specifications/http_parser.rb-0.6.0.gemspec
I, [2014-07-21T18:22:55.522148 #93898]  INFO -- : 0:  http (0.6.1) from /Users/pablo.aguiar/.rvm/gems/ruby-2.1.0@holmes-dashboard/specifications/http-0.6.1.gemspec
I, [2014-07-21T18:22:55.522657 #93898]  INFO -- : 0:  json (1.8.1) from /Users/pablo.aguiar/.rvm/rubies/ruby-2.1.0/lib/ruby/gems/2.1.0/specifications/default/json-1.8.1.gemspec
I, [2014-07-21T18:22:58.185416 #93898]  INFO -- : 0:  memoizable (0.4.2) from /Users/pablo.aguiar/.rvm/gems/ruby-2.1.0@holmes-dashboard/specifications/memoizable-0.4.2.gemspec
I, [2014-07-21T18:23:00.849069 #93898]  INFO -- : 0:  naught (1.0.0) from /Users/pablo.aguiar/.rvm/gems/ruby-2.1.0@holmes-dashboard/specifications/naught-1.0.0.gemspec
I, [2014-07-21T18:23:03.691596 #93898]  INFO -- : 0:  redis (3.1.0) from /Users/pablo.aguiar/.rvm/gems/ruby-2.1.0@holmes-dashboard/specifications/redis-3.1.0.gemspec
I, [2014-07-21T18:23:05.873497 #93898]  INFO -- : 0:  simple_oauth (0.2.0) from /Users/pablo.aguiar/.rvm/gems/ruby-2.1.0@holmes-dashboard/specifications/simple_oauth-0.2.0.gemspec
I, [2014-07-21T18:23:10.158485 #93898]  INFO -- : 0:  twitter (5.11.0) from /Users/pablo.aguiar/.rvm/gems/ruby-2.1.0@holmes-dashboard/specifications/twitter-5.11.0.gemspec
I, [2014-07-21T18:23:10.158901 #93898]  INFO -- : 0:  bundler (1.5.1) from /Users/pablo.aguiar/.rvm/gems/ruby-2.1.0@global/specifications/bundler-1.5.1.gemspec
I, [2014-07-21T18:26:39.915216 #2741]  INFO -- : 0:  addressable (2.3.6) from /Users/pablo.aguiar/.rvm/gems/ruby-2.1.0@holmes-dashboard/specifications/addressable-2.3.6.gemspec
I, [2014-07-21T18:26:39.915914 #2741]  INFO -- : 0:  backports (3.6.0) from /Users/pablo.aguiar/.rvm/gems/ruby-2.1.0@holmes-dashboard/specifications/backports-3.6.0.gemspec
I, [2014-07-21T18:26:39.916519 #2741]  INFO -- : 0:  buftok (0.2.0) from /Users/pablo.aguiar/.rvm/gems/ruby-2.1.0@holmes-dashboard/specifications/buftok-0.2.0.gemspec
I, [2014-07-21T18:26:39.916894 #2741]  INFO -- : 0:  coffee-script-source (1.7.1) from /Users/pablo.aguiar/.rvm/gems/ruby-2.1.0@holmes-dashboard/specifications/coffee-script-source-1.7.1.gemspec
I, [2014-07-21T18:26:39.917190 #2741]  INFO -- : 0:  execjs (2.0.2) from /Users/pablo.aguiar/.rvm/gems/ruby-2.1.0@holmes-dashboard/specifications/execjs-2.0.2.gemspec
I, [2014-07-21T18:26:39.917505 #2741]  INFO -- : 0:  coffee-script (2.2.0) from /Users/pablo.aguiar/.rvm/gems/ruby-2.1.0@holmes-dashboard/specifications/coffee-script-2.2.0.gemspec
I, [2014-07-21T18:26:39.917806 #2741]  INFO -- : 0:  daemons (1.1.9) from /Users/pablo.aguiar/.rvm/gems/ruby-2.1.0@holmes-dashboard/specifications/daemons-1.1.9.gemspec
I, [2014-07-21T18:26:39.918209 #2741]  INFO -- : 0:  rack (1.5.2) from /Users/pablo.aguiar/.rvm/gems/ruby-2.1.0@holmes-dashboard/specifications/rack-1.5.2.gemspec
I, [2014-07-21T18:26:39.918642 #2741]  INFO -- : 0:  thread_safe (0.3.4) from /Users/pablo.aguiar/.rvm/gems/ruby-2.1.0@holmes-dashboard/specifications/thread_safe-0.3.4.gemspec
I, [2014-07-21T18:26:39.918935 #2741]  INFO -- : 0:  tzinfo (1.2.1) from /Users/pablo.aguiar/.rvm/gems/ruby-2.1.0@holmes-dashboard/specifications/tzinfo-1.2.1.gemspec
I, [2014-07-21T18:26:39.919219 #2741]  INFO -- : 0:  rufus-scheduler (2.0.24) from /Users/pablo.aguiar/.rvm/gems/ruby-2.1.0@holmes-dashboard/specifications/rufus-scheduler-2.0.24.gemspec
I, [2014-07-21T18:26:39.919513 #2741]  INFO -- : 0:  sass (3.2.19) from /Users/pablo.aguiar/.rvm/gems/ruby-2.1.0@holmes-dashboard/specifications/sass-3.2.19.gemspec
I, [2014-07-21T18:26:39.919796 #2741]  INFO -- : 0:  rack-protection (1.5.3) from /Users/pablo.aguiar/.rvm/gems/ruby-2.1.0@holmes-dashboard/specifications/rack-protection-1.5.3.gemspec
I, [2014-07-21T18:26:39.920153 #2741]  INFO -- : 0:  tilt (1.4.1) from /Users/pablo.aguiar/.rvm/gems/ruby-2.1.0@holmes-dashboard/specifications/tilt-1.4.1.gemspec
I, [2014-07-21T18:26:39.920656 #2741]  INFO -- : 0:  sinatra (1.4.5) from /Users/pablo.aguiar/.rvm/gems/ruby-2.1.0@holmes-dashboard/specifications/sinatra-1.4.5.gemspec
I, [2014-07-21T18:26:39.921049 #2741]  INFO -- : 0:  multi_json (1.10.1) from /Users/pablo.aguiar/.rvm/gems/ruby-2.1.0@holmes-dashboard/specifications/multi_json-1.10.1.gemspec
I, [2014-07-21T18:26:39.921336 #2741]  INFO -- : 0:  rack-test (0.6.2) from /Users/pablo.aguiar/.rvm/gems/ruby-2.1.0@holmes-dashboard/specifications/rack-test-0.6.2.gemspec
I, [2014-07-21T18:26:39.921619 #2741]  INFO -- : 0:  sinatra-contrib (1.4.2) from /Users/pablo.aguiar/.rvm/gems/ruby-2.1.0@holmes-dashboard/specifications/sinatra-contrib-1.4.2.gemspec
I, [2014-07-21T18:26:39.921894 #2741]  INFO -- : 0:  hike (1.2.3) from /Users/pablo.aguiar/.rvm/gems/ruby-2.1.0@holmes-dashboard/specifications/hike-1.2.3.gemspec
I, [2014-07-21T18:26:39.922164 #2741]  INFO -- : 0:  sprockets (2.10.1) from /Users/pablo.aguiar/.rvm/gems/ruby-2.1.0@holmes-dashboard/specifications/sprockets-2.10.1.gemspec
I, [2014-07-21T18:26:39.922436 #2741]  INFO -- : 0:  eventmachine (1.0.3) from /Users/pablo.aguiar/.rvm/gems/ruby-2.1.0@holmes-dashboard/specifications/eventmachine-1.0.3.gemspec
I, [2014-07-21T18:26:39.922715 #2741]  INFO -- : 0:  thin (1.6.2) from /Users/pablo.aguiar/.rvm/gems/ruby-2.1.0@holmes-dashboard/specifications/thin-1.6.2.gemspec
I, [2014-07-21T18:26:39.923283 #2741]  INFO -- : 0:  thor (0.18.1) from /Users/pablo.aguiar/.rvm/gems/ruby-2.1.0@holmes-dashboard/specifications/thor-0.18.1.gemspec
I, [2014-07-21T18:26:39.923697 #2741]  INFO -- : 0:  dashing (1.3.4) from /Users/pablo.aguiar/.rvm/gems/ruby-2.1.0@holmes-dashboard/specifications/dashing-1.3.4.gemspec
I, [2014-07-21T18:26:39.924020 #2741]  INFO -- : 0:  equalizer (0.0.9) from /Users/pablo.aguiar/.rvm/gems/ruby-2.1.0@holmes-dashboard/specifications/equalizer-0.0.9.gemspec
I, [2014-07-21T18:26:39.924405 #2741]  INFO -- : 0:  multipart-post (2.0.0) from /Users/pablo.aguiar/.rvm/gems/ruby-2.1.0@holmes-dashboard/specifications/multipart-post-2.0.0.gemspec
I, [2014-07-21T18:26:39.924852 #2741]  INFO -- : 0:  faraday (0.9.0) from /Users/pablo.aguiar/.rvm/gems/ruby-2.1.0@holmes-dashboard/specifications/faraday-0.9.0.gemspec
I, [2014-07-21T18:26:39.925403 #2741]  INFO -- : 0:  http_parser.rb (0.6.0) from /Users/pablo.aguiar/.rvm/gems/ruby-2.1.0@holmes-dashboard/specifications/http_parser.rb-0.6.0.gemspec
I, [2014-07-21T18:26:39.925865 #2741]  INFO -- : 0:  http (0.6.1) from /Users/pablo.aguiar/.rvm/gems/ruby-2.1.0@holmes-dashboard/specifications/http-0.6.1.gemspec
I, [2014-07-21T18:26:39.926269 #2741]  INFO -- : 0:  json (1.8.1) from /Users/pablo.aguiar/.rvm/rubies/ruby-2.1.0/lib/ruby/gems/2.1.0/specifications/default/json-1.8.1.gemspec
I, [2014-07-21T18:26:39.926756 #2741]  INFO -- : 0:  memoizable (0.4.2) from /Users/pablo.aguiar/.rvm/gems/ruby-2.1.0@holmes-dashboard/specifications/memoizable-0.4.2.gemspec
I, [2014-07-21T18:26:39.927186 #2741]  INFO -- : 0:  naught (1.0.0) from /Users/pablo.aguiar/.rvm/gems/ruby-2.1.0@holmes-dashboard/specifications/naught-1.0.0.gemspec
I, [2014-07-21T18:26:39.927630 #2741]  INFO -- : 0:  redis (3.1.0) from /Users/pablo.aguiar/.rvm/gems/ruby-2.1.0@holmes-dashboard/specifications/redis-3.1.0.gemspec
I, [2014-07-21T18:26:39.928065 #2741]  INFO -- : 0:  simple_oauth (0.2.0) from /Users/pablo.aguiar/.rvm/gems/ruby-2.1.0@holmes-dashboard/specifications/simple_oauth-0.2.0.gemspec
I, [2014-07-21T18:26:39.928485 #2741]  INFO -- : 0:  twitter (5.11.0) from /Users/pablo.aguiar/.rvm/gems/ruby-2.1.0@holmes-dashboard/specifications/twitter-5.11.0.gemspec
I, [2014-07-21T18:26:39.928886 #2741]  INFO -- : 0:  bundler (1.5.1) from /Users/pablo.aguiar/.rvm/gems/ruby-2.1.0@global/specifications/bundler-1.5.1.gemspec
I, [2014-07-21T18:27:47.263668 #4413]  INFO -- : 0:  addressable (2.3.6) from /Users/pablo.aguiar/.rvm/gems/ruby-2.1.0@holmes-dashboard/specifications/addressable-2.3.6.gemspec
I, [2014-07-21T18:27:47.264361 #4413]  INFO -- : 0:  backports (3.6.0) from /Users/pablo.aguiar/.rvm/gems/ruby-2.1.0@holmes-dashboard/specifications/backports-3.6.0.gemspec
I, [2014-07-21T18:27:47.264804 #4413]  INFO -- : 0:  buftok (0.2.0) from /Users/pablo.aguiar/.rvm/gems/ruby-2.1.0@holmes-dashboard/specifications/buftok-0.2.0.gemspec
I, [2014-07-21T18:27:47.265176 #4413]  INFO -- : 0:  coffee-script-source (1.7.1) from /Users/pablo.aguiar/.rvm/gems/ruby-2.1.0@holmes-dashboard/specifications/coffee-script-source-1.7.1.gemspec
I, [2014-07-21T18:27:47.265529 #4413]  INFO -- : 0:  execjs (2.0.2) from /Users/pablo.aguiar/.rvm/gems/ruby-2.1.0@holmes-dashboard/specifications/execjs-2.0.2.gemspec
I, [2014-07-21T18:27:47.265891 #4413]  INFO -- : 0:  coffee-script (2.2.0) from /Users/pablo.aguiar/.rvm/gems/ruby-2.1.0@holmes-dashboard/specifications/coffee-script-2.2.0.gemspec
I, [2014-07-21T18:27:47.266236 #4413]  INFO -- : 0:  daemons (1.1.9) from /Users/pablo.aguiar/.rvm/gems/ruby-2.1.0@holmes-dashboard/specifications/daemons-1.1.9.gemspec
I, [2014-07-21T18:27:47.266642 #4413]  INFO -- : 0:  rack (1.5.2) from /Users/pablo.aguiar/.rvm/gems/ruby-2.1.0@holmes-dashboard/specifications/rack-1.5.2.gemspec
I, [2014-07-21T18:27:47.267005 #4413]  INFO -- : 0:  thread_safe (0.3.4) from /Users/pablo.aguiar/.rvm/gems/ruby-2.1.0@holmes-dashboard/specifications/thread_safe-0.3.4.gemspec
I, [2014-07-21T18:27:47.267446 #4413]  INFO -- : 0:  tzinfo (1.2.1) from /Users/pablo.aguiar/.rvm/gems/ruby-2.1.0@holmes-dashboard/specifications/tzinfo-1.2.1.gemspec
I, [2014-07-21T18:27:47.267902 #4413]  INFO -- : 0:  rufus-scheduler (2.0.24) from /Users/pablo.aguiar/.rvm/gems/ruby-2.1.0@holmes-dashboard/specifications/rufus-scheduler-2.0.24.gemspec
I, [2014-07-21T18:27:47.268254 #4413]  INFO -- : 0:  sass (3.2.19) from /Users/pablo.aguiar/.rvm/gems/ruby-2.1.0@holmes-dashboard/specifications/sass-3.2.19.gemspec
I, [2014-07-21T18:27:47.268626 #4413]  INFO -- : 0:  rack-protection (1.5.3) from /Users/pablo.aguiar/.rvm/gems/ruby-2.1.0@holmes-dashboard/specifications/rack-protection-1.5.3.gemspec
I, [2014-07-21T18:27:47.269069 #4413]  INFO -- : 0:  tilt (1.4.1) from /Users/pablo.aguiar/.rvm/gems/ruby-2.1.0@holmes-dashboard/specifications/tilt-1.4.1.gemspec
I, [2014-07-21T18:27:47.269621 #4413]  INFO -- : 0:  sinatra (1.4.5) from /Users/pablo.aguiar/.rvm/gems/ruby-2.1.0@holmes-dashboard/specifications/sinatra-1.4.5.gemspec
I, [2014-07-21T18:27:47.270184 #4413]  INFO -- : 0:  multi_json (1.10.1) from /Users/pablo.aguiar/.rvm/gems/ruby-2.1.0@holmes-dashboard/specifications/multi_json-1.10.1.gemspec
I, [2014-07-21T18:27:47.270670 #4413]  INFO -- : 0:  rack-test (0.6.2) from /Users/pablo.aguiar/.rvm/gems/ruby-2.1.0@holmes-dashboard/specifications/rack-test-0.6.2.gemspec
I, [2014-07-21T18:27:47.271164 #4413]  INFO -- : 0:  sinatra-contrib (1.4.2) from /Users/pablo.aguiar/.rvm/gems/ruby-2.1.0@holmes-dashboard/specifications/sinatra-contrib-1.4.2.gemspec
I, [2014-07-21T18:27:47.271702 #4413]  INFO -- : 0:  hike (1.2.3) from /Users/pablo.aguiar/.rvm/gems/ruby-2.1.0@holmes-dashboard/specifications/hike-1.2.3.gemspec
I, [2014-07-21T18:27:47.272202 #4413]  INFO -- : 0:  sprockets (2.10.1) from /Users/pablo.aguiar/.rvm/gems/ruby-2.1.0@holmes-dashboard/specifications/sprockets-2.10.1.gemspec
I, [2014-07-21T18:27:47.272630 #4413]  INFO -- : 0:  eventmachine (1.0.3) from /Users/pablo.aguiar/.rvm/gems/ruby-2.1.0@holmes-dashboard/specifications/eventmachine-1.0.3.gemspec
I, [2014-07-21T18:27:47.273022 #4413]  INFO -- : 0:  thin (1.6.2) from /Users/pablo.aguiar/.rvm/gems/ruby-2.1.0@holmes-dashboard/specifications/thin-1.6.2.gemspec
I, [2014-07-21T18:27:47.273390 #4413]  INFO -- : 0:  thor (0.18.1) from /Users/pablo.aguiar/.rvm/gems/ruby-2.1.0@holmes-dashboard/specifications/thor-0.18.1.gemspec
I, [2014-07-21T18:27:47.273825 #4413]  INFO -- : 0:  dashing (1.3.4) from /Users/pablo.aguiar/.rvm/gems/ruby-2.1.0@holmes-dashboard/specifications/dashing-1.3.4.gemspec
I, [2014-07-21T18:27:47.274301 #4413]  INFO -- : 0:  equalizer (0.0.9) from /Users/pablo.aguiar/.rvm/gems/ruby-2.1.0@holmes-dashboard/specifications/equalizer-0.0.9.gemspec
I, [2014-07-21T18:27:47.274789 #4413]  INFO -- : 0:  multipart-post (2.0.0) from /Users/pablo.aguiar/.rvm/gems/ruby-2.1.0@holmes-dashboard/specifications/multipart-post-2.0.0.gemspec
I, [2014-07-21T18:27:47.275230 #4413]  INFO -- : 0:  faraday (0.9.0) from /Users/pablo.aguiar/.rvm/gems/ruby-2.1.0@holmes-dashboard/specifications/faraday-0.9.0.gemspec
I, [2014-07-21T18:27:47.275627 #4413]  INFO -- : 0:  http_parser.rb (0.6.0) from /Users/pablo.aguiar/.rvm/gems/ruby-2.1.0@holmes-dashboard/specifications/http_parser.rb-0.6.0.gemspec
I, [2014-07-21T18:27:47.276030 #4413]  INFO -- : 0:  http (0.6.1) from /Users/pablo.aguiar/.rvm/gems/ruby-2.1.0@holmes-dashboard/specifications/http-0.6.1.gemspec
I, [2014-07-21T18:27:47.276485 #4413]  INFO -- : 0:  json (1.8.1) from /Users/pablo.aguiar/.rvm/rubies/ruby-2.1.0/lib/ruby/gems/2.1.0/specifications/default/json-1.8.1.gemspec
I, [2014-07-21T18:27:47.277017 #4413]  INFO -- : 0:  memoizable (0.4.2) from /Users/pablo.aguiar/.rvm/gems/ruby-2.1.0@holmes-dashboard/specifications/memoizable-0.4.2.gemspec
I, [2014-07-21T18:27:47.277436 #4413]  INFO -- : 0:  naught (1.0.0) from /Users/pablo.aguiar/.rvm/gems/ruby-2.1.0@holmes-dashboard/specifications/naught-1.0.0.gemspec
I, [2014-07-21T18:27:47.277838 #4413]  INFO -- : 0:  redis (3.1.0) from /Users/pablo.aguiar/.rvm/gems/ruby-2.1.0@holmes-dashboard/specifications/redis-3.1.0.gemspec
I, [2014-07-21T18:27:47.278211 #4413]  INFO -- : 0:  simple_oauth (0.2.0) from /Users/pablo.aguiar/.rvm/gems/ruby-2.1.0@holmes-dashboard/specifications/simple_oauth-0.2.0.gemspec
I, [2014-07-21T18:27:47.278571 #4413]  INFO -- : 0:  twitter (5.11.0) from /Users/pablo.aguiar/.rvm/gems/ruby-2.1.0@holmes-dashboard/specifications/twitter-5.11.0.gemspec
I, [2014-07-21T18:27:47.278914 #4413]  INFO -- : 0:  bundler (1.5.1) from /Users/pablo.aguiar/.rvm/gems/ruby-2.1.0@global/specifications/bundler-1.5.1.gemspec
I, [2014-07-21T18:28:00.274699 #4734]  INFO -- : 0:  backports (3.6.0) from /Users/pablo.aguiar/.rvm/gems/ruby-2.1.0@holmes-dashboard/specifications/backports-3.6.0.gemspec
I, [2014-07-21T18:28:00.275338 #4734]  INFO -- : 0:  coffee-script-source (1.7.1) from /Users/pablo.aguiar/.rvm/gems/ruby-2.1.0@holmes-dashboard/specifications/coffee-script-source-1.7.1.gemspec
I, [2014-07-21T18:28:00.275763 #4734]  INFO -- : 0:  execjs (2.0.2) from /Users/pablo.aguiar/.rvm/gems/ruby-2.1.0@holmes-dashboard/specifications/execjs-2.0.2.gemspec
I, [2014-07-21T18:28:00.276119 #4734]  INFO -- : 0:  coffee-script (2.2.0) from /Users/pablo.aguiar/.rvm/gems/ruby-2.1.0@holmes-dashboard/specifications/coffee-script-2.2.0.gemspec
I, [2014-07-21T18:28:00.276474 #4734]  INFO -- : 0:  daemons (1.1.9) from /Users/pablo.aguiar/.rvm/gems/ruby-2.1.0@holmes-dashboard/specifications/daemons-1.1.9.gemspec
I, [2014-07-21T18:28:00.276860 #4734]  INFO -- : 0:  rack (1.5.2) from /Users/pablo.aguiar/.rvm/gems/ruby-2.1.0@holmes-dashboard/specifications/rack-1.5.2.gemspec
I, [2014-07-21T18:28:00.277535 #4734]  INFO -- : 0:  thread_safe (0.3.4) from /Users/pablo.aguiar/.rvm/gems/ruby-2.1.0@holmes-dashboard/specifications/thread_safe-0.3.4.gemspec
I, [2014-07-21T18:28:00.277961 #4734]  INFO -- : 0:  tzinfo (1.2.1) from /Users/pablo.aguiar/.rvm/gems/ruby-2.1.0@holmes-dashboard/specifications/tzinfo-1.2.1.gemspec
I, [2014-07-21T18:28:00.278299 #4734]  INFO -- : 0:  rufus-scheduler (2.0.24) from /Users/pablo.aguiar/.rvm/gems/ruby-2.1.0@holmes-dashboard/specifications/rufus-scheduler-2.0.24.gemspec
I, [2014-07-21T18:28:00.278601 #4734]  INFO -- : 0:  sass (3.2.19) from /Users/pablo.aguiar/.rvm/gems/ruby-2.1.0@holmes-dashboard/specifications/sass-3.2.19.gemspec
I, [2014-07-21T18:28:00.278896 #4734]  INFO -- : 0:  rack-protection (1.5.3) from /Users/pablo.aguiar/.rvm/gems/ruby-2.1.0@holmes-dashboard/specifications/rack-protection-1.5.3.gemspec
I, [2014-07-21T18:28:00.279166 #4734]  INFO -- : 0:  tilt (1.4.1) from /Users/pablo.aguiar/.rvm/gems/ruby-2.1.0@holmes-dashboard/specifications/tilt-1.4.1.gemspec
I, [2014-07-21T18:28:00.279421 #4734]  INFO -- : 0:  sinatra (1.4.5) from /Users/pablo.aguiar/.rvm/gems/ruby-2.1.0@holmes-dashboard/specifications/sinatra-1.4.5.gemspec
I, [2014-07-21T18:28:00.279713 #4734]  INFO -- : 0:  multi_json (1.10.1) from /Users/pablo.aguiar/.rvm/gems/ruby-2.1.0@holmes-dashboard/specifications/multi_json-1.10.1.gemspec
I, [2014-07-21T18:28:00.280022 #4734]  INFO -- : 0:  rack-test (0.6.2) from /Users/pablo.aguiar/.rvm/gems/ruby-2.1.0@holmes-dashboard/specifications/rack-test-0.6.2.gemspec
I, [2014-07-21T18:28:00.280454 #4734]  INFO -- : 0:  sinatra-contrib (1.4.2) from /Users/pablo.aguiar/.rvm/gems/ruby-2.1.0@holmes-dashboard/specifications/sinatra-contrib-1.4.2.gemspec
I, [2014-07-21T18:28:00.280962 #4734]  INFO -- : 0:  hike (1.2.3) from /Users/pablo.aguiar/.rvm/gems/ruby-2.1.0@holmes-dashboard/specifications/hike-1.2.3.gemspec
I, [2014-07-21T18:28:00.281483 #4734]  INFO -- : 0:  sprockets (2.10.1) from /Users/pablo.aguiar/.rvm/gems/ruby-2.1.0@holmes-dashboard/specifications/sprockets-2.10.1.gemspec
I, [2014-07-21T18:28:00.281926 #4734]  INFO -- : 0:  eventmachine (1.0.3) from /Users/pablo.aguiar/.rvm/gems/ruby-2.1.0@holmes-dashboard/specifications/eventmachine-1.0.3.gemspec
I, [2014-07-21T18:28:00.282429 #4734]  INFO -- : 0:  thin (1.6.2) from /Users/pablo.aguiar/.rvm/gems/ruby-2.1.0@holmes-dashboard/specifications/thin-1.6.2.gemspec
I, [2014-07-21T18:28:00.282925 #4734]  INFO -- : 0:  thor (0.18.1) from /Users/pablo.aguiar/.rvm/gems/ruby-2.1.0@holmes-dashboard/specifications/thor-0.18.1.gemspec
I, [2014-07-21T18:28:00.283312 #4734]  INFO -- : 0:  dashing (1.3.4) from /Users/pablo.aguiar/.rvm/gems/ruby-2.1.0@holmes-dashboard/specifications/dashing-1.3.4.gemspec
I, [2014-07-21T18:28:00.283627 #4734]  INFO -- : 0:  redis (3.1.0) from /Users/pablo.aguiar/.rvm/gems/ruby-2.1.0@holmes-dashboard/specifications/redis-3.1.0.gemspec
I, [2014-07-21T18:28:00.283915 #4734]  INFO -- : 0:  bundler (1.5.1) from /Users/pablo.aguiar/.rvm/gems/ruby-2.1.0@global/specifications/bundler-1.5.1.gemspec
